2025-07-13 17:09:42 [WARNING]  * Debugger is active!
2025-07-13 17:09:42 [INFO]  * Debugger PIN: 198-515-922
2025-07-13 17:09:42 [INFO] request from: 127.0.0.1; method: POST; route: /predict
2025-07-13 17:09:42 [INFO] received input
2025-07-13 17:09:42 [INFO] complete input
2025-07-13 17:09:42 [INFO] predict time used: 0.057 seconds
2025-07-13 17:09:42 [INFO] response status: 200 OK
2025-07-13 17:09:42 [INFO] 127.0.0.1 - - [13/Jul/2025 17:09:42] "POST /predict HTTP/1.1" 200 -
2025-07-13 17:11:42 [INFO]  * Detected change in '/Users/mart84215/Documents/學習/api_test/prod/app.py', reloading
2025-07-13 17:11:47 [WARNING]  * Debugger is active!
2025-07-13 17:11:47 [INFO]  * Debugger PIN: 198-515-922
2025-07-13 17:11:47 [INFO] ------ request from: 127.0.0.1; method: POST; route: /predict ------
2025-07-13 17:11:47 [INFO] received input
2025-07-13 17:11:47 [INFO] complete output
2025-07-13 17:11:47 [INFO] prediction time used: 0.021 seconds
2025-07-13 17:11:47 [INFO] ------ response status: 200 OK ------
2025-07-13 17:11:47 [INFO] 127.0.0.1 - - [13/Jul/2025 17:11:47] "POST /predict HTTP/1.1" 200 -
2025-07-13 17:25:39 [INFO]  * Detected change in '/Users/mart84215/Documents/學習/api_test/prod/app.py', reloading
2025-07-13 17:25:42 [WARNING]  * Debugger is active!
2025-07-13 17:25:42 [INFO]  * Debugger PIN: 198-515-922
2025-07-13 17:27:45 [INFO]  * Detected change in '/Users/mart84215/Documents/學習/api_test/prod/app.py', reloading
2025-07-13 17:27:49 [WARNING]  * Debugger is active!
2025-07-13 17:27:50 [INFO]  * Debugger PIN: 198-515-922
2025-07-13 17:27:58 [INFO] ------ request from: 127.0.0.1; method: POST; route: /predict ------
2025-07-13 17:27:58 [INFO] received input
2025-07-13 17:27:58 [INFO] complete output
2025-07-13 17:27:58 [INFO] prediction time used: 0.022 seconds
2025-07-13 17:27:58 [INFO] ------ response status: 200 OK ------
2025-07-13 17:27:58 [INFO] 127.0.0.1 - - [13/Jul/2025 17:27:58] "POST /predict HTTP/1.1" 200 -
2025-07-13 17:28:23 [INFO] ------ request from: 127.0.0.1; method: POST; route: /predict ------
2025-07-13 17:28:23 [INFO] received input
2025-07-13 17:28:23 [ERROR] prediction failed:
Traceback (most recent call last):
  File "/Users/mart84215/Documents/學習/api_test/prod/app.py", line 58, in model_predict
    result_df = predict(input_data)
  File "/Users/mart84215/Documents/學習/api_test/prod/main.py", line 17, in predict
    y = model.predict(df)
  File "/Users/mart84215/miniconda3/lib/python3.13/site-packages/sklearn/linear_model/_base.py", line 374, in predict
    scores = self.decision_function(X)
  File "/Users/mart84215/miniconda3/lib/python3.13/site-packages/sklearn/linear_model/_base.py", line 351, in decision_function
    X = validate_data(self, X, accept_sparse="csr", reset=False)
  File "/Users/mart84215/miniconda3/lib/python3.13/site-packages/sklearn/utils/validation.py", line 2919, in validate_data
    _check_feature_names(_estimator, X, reset=reset)
    ~~~~~~~~~~~~~~~~~~~~^^^^^^^^^^^^^^^^^^^^^^^^^^^^
  File "/Users/mart84215/miniconda3/lib/python3.13/site-packages/sklearn/utils/validation.py", line 2777, in _check_feature_names
    raise ValueError(message)
ValueError: The feature names should match those that were passed during fit.
Feature names unseen at fit time:
- Post_frequenc
Feature names seen at fit time, yet now missing:
- Post_frequency

2025-07-13 17:28:23 [INFO] 127.0.0.1 - - [13/Jul/2025 17:28:23] "[35m[1mPOST /predict HTTP/1.1[0m" 500 -
2025-07-13 17:41:05 [INFO]  * Detected change in '/Users/mart84215/Documents/學習/api_test/prod/app.py', reloading
2025-07-13 17:41:11 [WARNING]  * Debugger is active!
2025-07-13 17:41:11 [INFO]  * Debugger PIN: 198-515-922
2025-07-13 17:41:18 [INFO]  * Detected change in '/Users/mart84215/Documents/學習/api_test/prod/app.py', reloading
2025-07-17 22:02:10 [INFO] [31m[1mWARNING: This is a development server. Do not use it in a production deployment. Use a production WSGI server instead.[0m
 * Running on http://127.0.0.1:5000
2025-07-17 22:02:10 [INFO] [33mPress CTRL+C to quit[0m
2025-07-17 22:02:10 [INFO]  * Restarting with stat
2025-07-17 22:02:22 [WARNING]  * Debugger is active!
2025-07-17 22:02:22 [INFO]  * Debugger PIN: 198-515-922
2025-07-17 22:02:22 [INFO] ------ request from: 127.0.0.1; method: POST; route: /predict ------
2025-07-17 22:02:22 [INFO] received input
2025-07-17 22:02:22 [INFO] complete output
2025-07-17 22:02:22 [INFO] prediction time used: 0.099 seconds
2025-07-17 22:02:22 [INFO] ------ response status: 200 OK ------
2025-07-17 22:02:22 [INFO] 127.0.0.1 - - [17/Jul/2025 22:02:22] "POST /predict HTTP/1.1" 200 -
2025-07-17 22:06:36 [INFO]  * Detected change in '/Users/mart84215/Documents/學習/api_test/prod/app.py', reloading
2025-07-17 22:06:38 [INFO]  * Restarting with stat
2025-07-17 22:06:51 [WARNING]  * Debugger is active!
2025-07-17 22:06:52 [INFO]  * Debugger PIN: 198-515-922
2025-07-17 22:06:52 [INFO] ------ request from: 127.0.0.1; method: POST; route: /predict ------
2025-07-17 22:06:52 [INFO] received input
2025-07-17 22:06:52 [INFO] complete output
2025-07-17 22:06:52 [INFO] prediction time used: 0.019 seconds
2025-07-17 22:06:52 [INFO] ------ response status: 200 OK ------
2025-07-17 22:06:52 [INFO] 127.0.0.1 - - [17/Jul/2025 22:06:52] "POST /predict HTTP/1.1" 200 -
2025-07-17 22:07:03 [INFO] ------ request from: 127.0.0.1; method: POST; route: /predict ------
2025-07-17 22:07:03 [INFO] received input
2025-07-17 22:07:03 [INFO] complete output
2025-07-17 22:07:03 [INFO] prediction time used: 0.052 seconds
2025-07-17 22:07:03 [INFO] ------ response status: 200 OK ------
2025-07-17 22:07:03 [INFO] 127.0.0.1 - - [17/Jul/2025 22:07:03] "POST /predict HTTP/1.1" 200 -
2025-07-17 22:07:32 [INFO]  * Detected change in '/Users/mart84215/Documents/學習/api_test/prod/app.py', reloading
2025-07-17 22:07:33 [INFO]  * Restarting with stat
2025-07-17 22:07:44 [WARNING]  * Debugger is active!
2025-07-17 22:07:44 [INFO]  * Debugger PIN: 198-515-922
2025-07-17 22:07:44 [INFO] ------ request from: 127.0.0.1; method: POST; route: /predict ------
2025-07-17 22:07:44 [INFO] received input
2025-07-17 22:07:44 [INFO] complete output
2025-07-17 22:07:44 [INFO] prediction time used: 0.031 seconds
2025-07-17 22:07:44 [INFO] ------ response status: 200 OK ------
2025-07-17 22:07:44 [INFO] 127.0.0.1 - - [17/Jul/2025 22:07:44] "POST /predict HTTP/1.1" 200 -
2025-07-17 22:13:58 [INFO]  * Detected change in '/Users/mart84215/Documents/學習/api_test/prod/app.py', reloading
2025-07-17 22:13:59 [INFO]  * Restarting with stat
2025-07-17 22:14:09 [WARNING]  * Debugger is active!
2025-07-17 22:14:09 [INFO]  * Debugger PIN: 198-515-922
2025-07-17 22:14:10 [INFO] ------ request from: 127.0.0.1; method: POST; route: /predict ------
2025-07-17 22:14:10 [INFO] request was aborted since invalid or missing API key
2025-07-17 22:14:10 [ERROR] unhandled exception: 401 Unauthorized: invalid or missing API key
Traceback (most recent call last):
  File "/Users/mart84215/miniconda3/lib/python3.13/site-packages/flask/app.py", line 915, in full_dispatch_request
    rv = self.preprocess_request()
  File "/Users/mart84215/miniconda3/lib/python3.13/site-packages/flask/app.py", line 1291, in preprocess_request
    rv = self.ensure_sync(before_func)()
  File "/Users/mart84215/Documents/學習/api_test/prod/app.py", line 55, in check_api_key
    abort(401, description="invalid or missing API key") # abort要寫在最後面
    ~~~~~^^^^^^^^^^^^^^^^^^^^^^^^^^^^^^^^^^^^^^^^^^^^^^^
  File "/Users/mart84215/miniconda3/lib/python3.13/site-packages/flask/helpers.py", line 284, in abort
    current_app.aborter(code, *args, **kwargs)
    ~~~~~~~~~~~~~~~~~~~^^^^^^^^^^^^^^^^^^^^^^^
  File "/Users/mart84215/miniconda3/lib/python3.13/site-packages/werkzeug/exceptions.py", line 876, in __call__
    raise self.mapping[code](*args, **kwargs)
werkzeug.exceptions.Unauthorized: 401 Unauthorized: invalid or missing API key
2025-07-17 22:14:10 [INFO] ------ response status: 500 INTERNAL SERVER ERROR ------
2025-07-17 22:14:10 [INFO] 127.0.0.1 - - [17/Jul/2025 22:14:10] "[35m[1mPOST /predict HTTP/1.1[0m" 500 -
2025-07-17 22:15:36 [INFO] ------ request from: 127.0.0.1; method: POST; route: /predict ------
2025-07-17 22:15:36 [INFO] received input
2025-07-17 22:15:37 [INFO] complete output
2025-07-17 22:15:37 [INFO] prediction time used: 0.157 seconds
2025-07-17 22:15:37 [INFO] ------ response status: 200 OK ------
2025-07-17 22:15:37 [INFO] 127.0.0.1 - - [17/Jul/2025 22:15:37] "POST /predict HTTP/1.1" 200 -
2025-07-18 08:48:57 [INFO]  * Detected change in '/Users/mart84215/Documents/學習/api_test/prod/app.py', reloading
2025-07-18 08:48:58 [INFO]  * Restarting with stat
